[Thu Apr 22 13:36:36 2021] [info] instantiating backup controller a87e9fbc85924389fe2429201245708d
[Thu Apr 22 13:36:36 2021] [debug] setting controller status to 100
[Thu Apr 22 13:36:36 2021] [debug] loading controller plan
[Thu Apr 22 13:36:36 2021] [debug] setting controller status to 300
[Thu Apr 22 13:36:36 2021] [debug] applying plan defaults
[Thu Apr 22 13:36:36 2021] [debug] setting controller status to 400
[Thu Apr 22 13:36:36 2021] [debug] setting file inclusion to 1
[Thu Apr 22 13:36:36 2021] [info] checking plan security
[Thu Apr 22 13:36:36 2021] [debug] setting controller status to 500
[Thu Apr 22 13:36:36 2021] [info] checking plan security
[Thu Apr 22 13:36:36 2021] [info] checking plan security
[Thu Apr 22 13:36:36 2021] [info] checking plan security
[Thu Apr 22 13:36:36 2021] [debug] saving controller to db
[Thu Apr 22 13:36:36 2021] [debug] calculating controller checksum f685d580b2b020ef0bbe79dd37d6c2c0
[Thu Apr 22 13:36:56 2021] [debug] loading controller from db
[Thu Apr 22 13:36:56 2021] [info] checking plan security
[Thu Apr 22 13:36:56 2021] [info] checking plan security
[Thu Apr 22 13:36:56 2021] [info] checking plan security
[Thu Apr 22 13:36:56 2021] [debug] saving controller to db
[Thu Apr 22 13:36:56 2021] [debug] calculating controller checksum d21b1a4b6149a893a1d61ac36f07a77d
[Thu Apr 22 13:37:05 2021] [debug] loading controller from db
[Thu Apr 22 13:37:05 2021] [info] checking plan security
[Thu Apr 22 13:37:05 2021] [info] checking plan security
[Thu Apr 22 13:37:05 2021] [info] checking plan security
[Thu Apr 22 13:37:05 2021] [debug] saving controller to db
[Thu Apr 22 13:37:05 2021] [debug] calculating controller checksum d21b1a4b6149a893a1d61ac36f07a77d
[Thu Apr 22 13:37:16 2021] [debug] loading controller from db
[Thu Apr 22 13:37:16 2021] [info] checking plan security
[Thu Apr 22 13:37:16 2021] [info] checking plan security
[Thu Apr 22 13:37:16 2021] [debug] setting controller status to 700
[Thu Apr 22 13:37:16 2021] [debug] saving controller to db
[Thu Apr 22 13:37:16 2021] [debug] calculating controller checksum 8b6143d142bc3443be93188b99dab478
[Thu Apr 22 13:37:16 2021] [debug] loading controller from db
[Thu Apr 22 13:37:16 2021] [debug] notifying plan about excluded activities by type
[Thu Apr 22 13:37:16 2021] [debug] setting controller status to 800
